TN:
SF:src\router.ts
FNF:0
FNH:0
DA:1,2
DA:2,2
DA:10,2
DA:11,2
DA:16,2
DA:18,2
DA:20,2
DA:22,2
DA:24,2
DA:26,2
DA:28,2
DA:30,2
LF:12
LH:12
BRF:0
BRH:0
end_of_record
TN:
SF:src\server.ts
FN:6,connectDB
FN:18,(anonymous_2)
FNF:2
FNH:2
FNDA:2,connectDB
FNDA:1,(anonymous_2)
DA:1,2
DA:3,2
DA:4,2
DA:6,2
DA:7,2
DA:8,1
DA:10,2
DA:12,2
DA:14,2
DA:16,2
DA:18,2
DA:19,1
DA:22,2
LF:13
LH:13
BRF:0
BRH:0
end_of_record
TN:
SF:src\config\db.ts
FNF:0
FNH:0
DA:1,2
DA:2,2
DA:3,2
DA:5,2
DA:10,2
LF:5
LH:5
BRF:0
BRH:0
end_of_record
TN:
SF:src\handlers\product.ts
FN:4,(anonymous_1)
FN:11,(anonymous_2)
FN:22,(anonymous_3)
FN:27,(anonymous_4)
FN:42,(anonymous_5)
FN:57,(anonymous_6)
FNF:6
FNH:6
FNDA:1,(anonymous_1)
FNDA:2,(anonymous_2)
FNDA:1,(anonymous_3)
FNDA:2,(anonymous_4)
FNDA:2,(anonymous_5)
FNDA:2,(anonymous_6)
DA:2,2
DA:4,2
DA:5,1
DA:8,1
DA:11,2
DA:12,2
DA:13,2
DA:14,2
DA:15,1
DA:19,1
DA:22,2
DA:23,1
DA:24,1
DA:27,2
DA:28,2
DA:29,2
DA:31,2
DA:32,1
DA:37,1
DA:38,1
DA:39,1
DA:42,2
DA:43,2
DA:44,2
DA:46,2
DA:47,1
DA:52,1
DA:53,1
DA:54,1
DA:57,2
DA:58,2
DA:59,2
DA:61,2
DA:62,1
DA:67,1
DA:68,1
LF:36
LH:36
BRDA:14,0,0,1
BRDA:31,1,0,1
BRDA:46,2,0,1
BRDA:61,3,0,1
BRF:4
BRH:4
end_of_record
TN:
SF:src\middleware\index.ts
FN:4,(anonymous_0)
FNF:1
FNH:1
FNDA:18,(anonymous_0)
DA:2,2
DA:4,2
DA:5,18
DA:6,18
DA:7,9
DA:9,9
LF:6
LH:6
BRDA:6,0,0,9
BRF:1
BRH:1
end_of_record
TN:
SF:src\models\Product.model.ts
FNF:0
FNH:0
DA:1,2
DA:7,2
DA:11,2
DA:16,2
DA:22,2
DA:27,2
DA:30,2
LF:7
LH:7
BRF:0
BRH:0
end_of_record
TN:
SF:src\validators\useValidator.ts
FN:14,(anonymous_0)
FN:19,(anonymous_1)
FNF:2
FNH:2
FNDA:9,(anonymous_0)
FNDA:9,(anonymous_1)
DA:1,2
DA:3,2
DA:7,2
DA:14,9
DA:19,9
LF:5
LH:5
BRF:0
BRH:0
end_of_record
